<?xml version="1.0" encoding="UTF-8"?>
<!-- Generated by org.testng.reporters.JUnitXMLReporter -->
<testsuite hostname="sushi-ubuntu12" name="Default test" tests="19" failures="0" timestamp="14 Jul 2016 09:40:30 GMT" time="6.629" errors="0">
  <testcase name="@BeforeTest beforeTest" time="0.0" classname="com.griggi.app.MainTest">
    <failure type="java.lang.NumberFormatException" message="null">
      <![CDATA[java.lang.NumberFormatException: null
	at java.lang.Integer.parseInt(Integer.java:454)
	at java.lang.Integer.parseInt(Integer.java:527)
	at com.griggi.app.MainTest.beforeTest(MainTest.java:529)
	at sun.reflect.NativeMethodAccessorImpl.invoke0(Native Method)
	at sun.reflect.NativeMethodAccessorImpl.invoke(NativeMethodAccessorImpl.java:57)
	at sun.reflect.DelegatingMethodAccessorImpl.invoke(DelegatingMethodAccessorImpl.java:43)
	at java.lang.reflect.Method.invoke(Method.java:606)
	at org.testng.internal.MethodInvocationHelper.invokeMethod(MethodInvocationHelper.java:85)
	at org.testng.internal.Invoker.invokeConfigurationMethod(Invoker.java:510)
	at org.testng.internal.Invoker.invokeConfigurations(Invoker.java:211)
	at org.testng.internal.Invoker.invokeConfigurations(Invoker.java:138)
	at org.testng.TestRunner.beforeRun(TestRunner.java:648)
	at org.testng.TestRunner.run(TestRunner.java:616)
	at org.testng.SuiteRunner.runTest(SuiteRunner.java:359)
	at org.testng.SuiteRunner.runSequentially(SuiteRunner.java:354)
	at org.testng.SuiteRunner.privateRun(SuiteRunner.java:312)
	at org.testng.SuiteRunner.run(SuiteRunner.java:261)
	at org.testng.SuiteRunnerWorker.runSuite(SuiteRunnerWorker.java:52)
	at org.testng.SuiteRunnerWorker.run(SuiteRunnerWorker.java:86)
	at org.testng.TestNG.runSuitesSequentially(TestNG.java:1215)
	at org.testng.TestNG.runSuitesLocally(TestNG.java:1140)
	at org.testng.TestNG.run(TestNG.java:1048)
	at org.testng.remote.AbstractRemoteTestNG.run(AbstractRemoteTestNG.java:126)
	at org.testng.remote.RemoteTestNG.initAndRun(RemoteTestNG.java:137)
	at org.testng.remote.RemoteTestNG.main(RemoteTestNG.java:58)
]]>
    </failure>
  </testcase> <!-- @BeforeTest beforeTest -->
  <testcase name="@AfterTest afterTest" time="0.0" classname="com.griggi.app.MainTest">
    <skipped/>
  </testcase> <!-- @AfterTest afterTest -->
  <testcase name="availableQuota" time="0.003" classname="com.griggi.app.MainTest">
    <skipped/>
  </testcase> <!-- availableQuota -->
  <testcase name="dashboardUICheck1" time="0.002" classname="com.griggi.app.MainTest">
    <skipped/>
  </testcase> <!-- dashboardUICheck1 -->
  <testcase name="dashboardUICheck2" time="0.002" classname="com.griggi.app.MainTest">
    <skipped/>
  </testcase> <!-- dashboardUICheck2 -->
  <testcase name="dashboardUICheck3" time="0.006" classname="com.griggi.app.MainTest">
    <skipped/>
  </testcase> <!-- dashboardUICheck3 -->
  <testcase name="dataAllocation" time="0.002" classname="com.griggi.app.MainTest">
    <skipped/>
  </testcase> <!-- dataAllocation -->
  <testcase name="dataTopUpAmount" time="0.005" classname="com.griggi.app.MainTest">
    <skipped/>
  </testcase> <!-- dataTopUpAmount -->
  <testcase name="dataTopUpInput" time="0.003" classname="com.griggi.app.MainTest">
    <skipped/>
  </testcase> <!-- dataTopUpInput -->
  <testcase name="dataTopUpUI1" time="0.002" classname="com.griggi.app.MainTest">
    <skipped/>
  </testcase> <!-- dataTopUpUI1 -->
  <testcase name="dataTopUpUI2" time="0.002" classname="com.griggi.app.MainTest">
    <skipped/>
  </testcase> <!-- dataTopUpUI2 -->
  <testcase name="dataTopUpUI3" time="0.002" classname="com.griggi.app.MainTest">
    <skipped/>
  </testcase> <!-- dataTopUpUI3 -->
  <testcase name="listOfNodes" time="0.004" classname="com.griggi.app.MainTest">
    <skipped/>
  </testcase> <!-- listOfNodes -->
  <testcase name="loginBad1" time="0.004" classname="com.griggi.app.MainTest">
    <skipped/>
  </testcase> <!-- loginBad1 -->
  <testcase name="loginBad2" time="0.004" classname="com.griggi.app.MainTest">
    <skipped/>
  </testcase> <!-- loginBad2 -->
  <testcase name="loginBad3" time="0.01" classname="com.griggi.app.MainTest">
    <skipped/>
  </testcase> <!-- loginBad3 -->
  <testcase name="loginGood1" time="0.003" classname="com.griggi.app.MainTest">
    <skipped/>
  </testcase> <!-- loginGood1 -->
  <testcase name="loginGood2" time="0.001" classname="com.griggi.app.MainTest">
    <skipped/>
  </testcase> <!-- loginGood2 -->
  <testcase name="nodeAdminDropdownArrow" time="0.002" classname="com.griggi.app.MainTest">
    <skipped/>
  </testcase> <!-- nodeAdminDropdownArrow -->
  <testcase name="routerSpeed" time="0.001" classname="com.griggi.app.MainTest">
    <skipped/>
  </testcase> <!-- routerSpeed -->
  <testcase name="verifyLatestNodeURL" time="0.002" classname="com.griggi.app.MainTest">
    <skipped/>
  </testcase> <!-- verifyLatestNodeURL -->
</testsuite> <!-- Default test -->
