<?xml version="1.0" encoding="UTF-8"?>
<!-- Generated by org.testng.reporters.JUnitXMLReporter -->
<testsuite hostname="sushi-ubuntu12" name="DBCoherencyTest" tests="4" failures="1" timestamp="24 Jun 2016 06:56:56 GMT" time="0.779" errors="0">
  <testcase name="verifyLatestNodeURL" time="0.243" classname="com.griggi.app.MainTest"/>
  <testcase name="listOfNodes" time="0.28" classname="com.griggi.app.MainTest"/>
  <testcase name="nodeAdminDropdownArrow" time="0.031" classname="com.griggi.app.MainTest">
    <failure type="java.lang.AssertionError">
      <![CDATA[java.lang.AssertionError
	at org.junit.Assert.fail(Assert.java:86)
	at org.junit.Assert.assertTrue(Assert.java:41)
	at org.junit.Assert.assertFalse(Assert.java:64)
	at org.junit.Assert.assertFalse(Assert.java:74)
	at com.griggi.app.MainTest.nodeAdminDropdownArrow(MainTest.java:204)
... Removed 24 stack frames]]>
    </failure>
  </testcase> <!-- nodeAdminDropdownArrow -->
  <testcase name="afterTest" time="0.199" classname="com.griggi.app.MainTest"/>
</testsuite> <!-- DBCoherencyTest -->
