<?xml version="1.0" encoding="UTF-8"?>
<!-- Generated by org.testng.reporters.JUnitXMLReporter -->
<testsuite hostname="sushi-ubuntu12" name="LoginTest" tests="6" failures="1" timestamp="24 Jun 2016 06:56:55 GMT" time="8.842" errors="0">
  <testcase name="beforeTest" time="2.102" classname="com.griggi.app.MainTest"/>
  <testcase name="loginBad1" time="1.601" classname="com.griggi.app.MainTest"/>
  <testcase name="loginBad2" time="0.661" classname="com.griggi.app.MainTest"/>
  <testcase name="loginBad3" time="0.957" classname="com.griggi.app.MainTest"/>
  <testcase name="loginGood2" time="1.798" classname="com.griggi.app.MainTest">
    <failure type="org.junit.ComparisonFailure" message="expected:&amp;lt;[The password you entered is not valid.]&amp;gt; but was:&amp;lt;[]&amp;gt;">
      <![CDATA[org.junit.ComparisonFailure: expected:<[The password you entered is not valid.]> but was:<[]>
	at org.junit.Assert.assertEquals(Assert.java:115)
	at org.junit.Assert.assertEquals(Assert.java:144)
	at com.griggi.app.MainTest.loginGood2(MainTest.java:116)
... Removed 24 stack frames]]>
    </failure>
  </testcase> <!-- loginGood2 -->
  <testcase name="loginGood1" time="1.633" classname="com.griggi.app.MainTest"/>
</testsuite> <!-- LoginTest -->
