<html>
<head>
<title>TestNG:  Test</title>
<link href="../testng.css" rel="stylesheet" type="text/css" />
<link href="../my-testng.css" rel="stylesheet" type="text/css" />

<style type="text/css">
.log { display: none;} 
.stack-trace { display: none;} 
</style>
<script type="text/javascript">
<!--
function flip(e) {
  current = e.style.display;
  if (current == 'block') {
    e.style.display = 'none';
    return 0;
  }
  else {
    e.style.display = 'block';
    return 1;
  }
}

function toggleBox(szDivId, elem, msg1, msg2)
{
  var res = -1;  if (document.getElementById) {
    res = flip(document.getElementById(szDivId));
  }
  else if (document.all) {
    // this is the way old msie versions work
    res = flip(document.all[szDivId]);
  }
  if(elem) {
    if(res == 0) elem.innerHTML = msg1; else elem.innerHTML = msg2;
  }

}

function toggleAllBoxes() {
  if (document.getElementsByTagName) {
    d = document.getElementsByTagName('div');
    for (i = 0; i < d.length; i++) {
      if (d[i].className == 'log') {
        flip(d[i]);
      }
    }
  }
}

// -->
</script>

</head>
<body>
<h2 align='center'>Test</h2><table border='1' align="center">
<tr>
<td>Tests passed/Failed/Skipped:</td><td>10/3/0</td>
</tr><tr>
<td>Started on:</td><td>Thu Jul 14 20:03:00 IST 2016</td>
</tr>
<tr><td>Total time:</td><td>25 seconds (25539 ms)</td>
</tr><tr>
<td>Included groups:</td><td></td>
</tr><tr>
<td>Excluded groups:</td><td></td>
</tr>
</table><p/>
<small><i>(Hover the method name to see the test class name)</i></small><p/>
<table width='100%' border='1' class='invocation-failed'>
<tr><td colspan='4' align='center'><b>FAILED TESTS</b></td></tr>
<tr><td><b>Test method</b></td>
<td width="30%"><b>Exception</b></td>
<td width="10%"><b>Time (seconds)</b></td>
<td><b>Instance</b></td>
</tr>
<tr>
<td title='com.griggi.app.MainTest.loginGood2()'><b>loginGood2</b><br>Test class: com.griggi.app.MainTest<br>Test method: Verifies that after a bad login, user can enter</td>
<td><div><pre>org.junit.ComparisonFailure: expected:&lt;[The password you entered is not valid.]&gt; but was:&lt;[]&gt;
	at org.junit.Assert.assertEquals(Assert.java:115)
	at org.junit.Assert.assertEquals(Assert.java:144)
	at com.griggi.app.MainTest.loginGood2(MainTest.java:124)
... Removed 24 stack frames</pre></div><a href='#' onClick='toggleBox("stack-trace744734406", this, "Click to show all stack frames", "Click to hide stack frames")'>Click to show all stack frames</a>
<div class='stack-trace' id='stack-trace744734406'><pre>org.junit.ComparisonFailure: expected:&lt;[The password you entered is not valid.]&gt; but was:&lt;[]&gt;
	at org.junit.Assert.assertEquals(Assert.java:115)
	at org.junit.Assert.assertEquals(Assert.java:144)
	at com.griggi.app.MainTest.loginGood2(MainTest.java:124)
	at sun.reflect.NativeMethodAccessorImpl.invoke0(Native Method)
	at sun.reflect.NativeMethodAccessorImpl.invoke(NativeMethodAccessorImpl.java:57)
	at sun.reflect.DelegatingMethodAccessorImpl.invoke(DelegatingMethodAccessorImpl.java:43)
	at java.lang.reflect.Method.invoke(Method.java:606)
	at org.testng.internal.MethodInvocationHelper.invokeMethod(MethodInvocationHelper.java:85)
	at org.testng.internal.Invoker.invokeMethod(Invoker.java:639)
	at org.testng.internal.Invoker.invokeTestMethod(Invoker.java:816)
	at org.testng.internal.Invoker.invokeTestMethods(Invoker.java:1124)
	at org.testng.internal.TestMethodWorker.invokeTestMethods(TestMethodWorker.java:125)
	at org.testng.internal.TestMethodWorker.run(TestMethodWorker.java:108)
	at org.testng.TestRunner.privateRun(TestRunner.java:774)
	at org.testng.TestRunner.run(TestRunner.java:624)
	at org.testng.SuiteRunner.runTest(SuiteRunner.java:359)
	at org.testng.SuiteRunner.runSequentially(SuiteRunner.java:354)
	at org.testng.SuiteRunner.privateRun(SuiteRunner.java:312)
	at org.testng.SuiteRunner.run(SuiteRunner.java:261)
	at org.testng.SuiteRunnerWorker.runSuite(SuiteRunnerWorker.java:52)
	at org.testng.SuiteRunnerWorker.run(SuiteRunnerWorker.java:86)
	at org.testng.TestNG.runSuitesSequentially(TestNG.java:1215)
	at org.testng.TestNG.runSuitesLocally(TestNG.java:1140)
	at org.testng.TestNG.run(TestNG.java:1048)
	at org.testng.remote.AbstractRemoteTestNG.run(AbstractRemoteTestNG.java:126)
	at org.testng.remote.RemoteTestNG.initAndRun(RemoteTestNG.java:137)
	at org.testng.remote.RemoteTestNG.main(RemoteTestNG.java:58)
</pre></div></td>
<td>2</td>
<td>com.griggi.app.MainTest@37387e8c</td></tr>
<tr>
<td title='com.griggi.app.MainTest.nodeAdminDropdownArrow()'><b>nodeAdminDropdownArrow</b><br>Test class: com.griggi.app.MainTest<br>Test method: Admin node arrow exists</td>
<td><div><pre>java.lang.AssertionError
	at org.junit.Assert.fail(Assert.java:86)
	at org.junit.Assert.assertTrue(Assert.java:41)
	at org.junit.Assert.assertFalse(Assert.java:64)
	at org.junit.Assert.assertFalse(Assert.java:74)
	at com.griggi.app.MainTest.nodeAdminDropdownArrow(MainTest.java:213)
... Removed 24 stack frames</pre></div><a href='#' onClick='toggleBox("stack-trace1322149989", this, "Click to show all stack frames", "Click to hide stack frames")'>Click to show all stack frames</a>
<div class='stack-trace' id='stack-trace1322149989'><pre>java.lang.AssertionError
	at org.junit.Assert.fail(Assert.java:86)
	at org.junit.Assert.assertTrue(Assert.java:41)
	at org.junit.Assert.assertFalse(Assert.java:64)
	at org.junit.Assert.assertFalse(Assert.java:74)
	at com.griggi.app.MainTest.nodeAdminDropdownArrow(MainTest.java:213)
	at sun.reflect.NativeMethodAccessorImpl.invoke0(Native Method)
	at sun.reflect.NativeMethodAccessorImpl.invoke(NativeMethodAccessorImpl.java:57)
	at sun.reflect.DelegatingMethodAccessorImpl.invoke(DelegatingMethodAccessorImpl.java:43)
	at java.lang.reflect.Method.invoke(Method.java:606)
	at org.testng.internal.MethodInvocationHelper.invokeMethod(MethodInvocationHelper.java:85)
	at org.testng.internal.Invoker.invokeMethod(Invoker.java:639)
	at org.testng.internal.Invoker.invokeTestMethod(Invoker.java:816)
	at org.testng.internal.Invoker.invokeTestMethods(Invoker.java:1124)
	at org.testng.internal.TestMethodWorker.invokeTestMethods(TestMethodWorker.java:125)
	at org.testng.internal.TestMethodWorker.run(TestMethodWorker.java:108)
	at org.testng.TestRunner.privateRun(TestRunner.java:774)
	at org.testng.TestRunner.run(TestRunner.java:624)
	at org.testng.SuiteRunner.runTest(SuiteRunner.java:359)
	at org.testng.SuiteRunner.runSequentially(SuiteRunner.java:354)
	at org.testng.SuiteRunner.privateRun(SuiteRunner.java:312)
	at org.testng.SuiteRunner.run(SuiteRunner.java:261)
	at org.testng.SuiteRunnerWorker.runSuite(SuiteRunnerWorker.java:52)
	at org.testng.SuiteRunnerWorker.run(SuiteRunnerWorker.java:86)
	at org.testng.TestNG.runSuitesSequentially(TestNG.java:1215)
	at org.testng.TestNG.runSuitesLocally(TestNG.java:1140)
	at org.testng.TestNG.run(TestNG.java:1048)
	at org.testng.remote.AbstractRemoteTestNG.run(AbstractRemoteTestNG.java:126)
	at org.testng.remote.RemoteTestNG.initAndRun(RemoteTestNG.java:137)
	at org.testng.remote.RemoteTestNG.main(RemoteTestNG.java:58)
</pre></div></td>
<td>0</td>
<td>com.griggi.app.MainTest@37387e8c</td></tr>
<tr>
<td title='com.griggi.app.MainTest.routerFUPLimit()'><b>routerFUPLimit</b><br>Test class: com.griggi.app.MainTest<br>Test method: Tests the router fup limit shown to user in dashboard</td>
<td><div><pre>java.lang.AssertionError: expected:&lt;0.31&gt; but was:&lt;0.17&gt;
	at org.junit.Assert.fail(Assert.java:88)
	at org.junit.Assert.failNotEquals(Assert.java:834)
	at org.junit.Assert.assertEquals(Assert.java:553)
	at org.junit.Assert.assertEquals(Assert.java:683)
	at com.griggi.app.MainTest.routerFUPLimit(MainTest.java:429)
... Removed 24 stack frames</pre></div><a href='#' onClick='toggleBox("stack-trace1671369261", this, "Click to show all stack frames", "Click to hide stack frames")'>Click to show all stack frames</a>
<div class='stack-trace' id='stack-trace1671369261'><pre>java.lang.AssertionError: expected:&lt;0.31&gt; but was:&lt;0.17&gt;
	at org.junit.Assert.fail(Assert.java:88)
	at org.junit.Assert.failNotEquals(Assert.java:834)
	at org.junit.Assert.assertEquals(Assert.java:553)
	at org.junit.Assert.assertEquals(Assert.java:683)
	at com.griggi.app.MainTest.routerFUPLimit(MainTest.java:429)
	at sun.reflect.NativeMethodAccessorImpl.invoke0(Native Method)
	at sun.reflect.NativeMethodAccessorImpl.invoke(NativeMethodAccessorImpl.java:57)
	at sun.reflect.DelegatingMethodAccessorImpl.invoke(DelegatingMethodAccessorImpl.java:43)
	at java.lang.reflect.Method.invoke(Method.java:606)
	at org.testng.internal.MethodInvocationHelper.invokeMethod(MethodInvocationHelper.java:85)
	at org.testng.internal.Invoker.invokeMethod(Invoker.java:639)
	at org.testng.internal.Invoker.invokeTestMethod(Invoker.java:816)
	at org.testng.internal.Invoker.invokeTestMethods(Invoker.java:1124)
	at org.testng.internal.TestMethodWorker.invokeTestMethods(TestMethodWorker.java:125)
	at org.testng.internal.TestMethodWorker.run(TestMethodWorker.java:108)
	at org.testng.TestRunner.privateRun(TestRunner.java:774)
	at org.testng.TestRunner.run(TestRunner.java:624)
	at org.testng.SuiteRunner.runTest(SuiteRunner.java:359)
	at org.testng.SuiteRunner.runSequentially(SuiteRunner.java:354)
	at org.testng.SuiteRunner.privateRun(SuiteRunner.java:312)
	at org.testng.SuiteRunner.run(SuiteRunner.java:261)
	at org.testng.SuiteRunnerWorker.runSuite(SuiteRunnerWorker.java:52)
	at org.testng.SuiteRunnerWorker.run(SuiteRunnerWorker.java:86)
	at org.testng.TestNG.runSuitesSequentially(TestNG.java:1215)
	at org.testng.TestNG.runSuitesLocally(TestNG.java:1140)
	at org.testng.TestNG.run(TestNG.java:1048)
	at org.testng.remote.AbstractRemoteTestNG.run(AbstractRemoteTestNG.java:126)
	at org.testng.remote.RemoteTestNG.initAndRun(RemoteTestNG.java:137)
	at org.testng.remote.RemoteTestNG.main(RemoteTestNG.java:58)
</pre></div></td>
<td>4</td>
<td>com.griggi.app.MainTest@37387e8c</td></tr>
</table><p>
<table width='100%' border='1' class='invocation-passed'>
<tr><td colspan='4' align='center'><b>PASSED TESTS</b></td></tr>
<tr><td><b>Test method</b></td>
<td width="30%"><b>Exception</b></td>
<td width="10%"><b>Time (seconds)</b></td>
<td><b>Instance</b></td>
</tr>
<tr>
<td title='com.griggi.app.MainTest.dashboardUICheck1()'><b>dashboardUICheck1</b><br>Test class: com.griggi.app.MainTest<br>Test method: Check Dashboard UI - 1 (Nav)</td>
<td></td>
<td>0</td>
<td>com.griggi.app.MainTest@37387e8c</td></tr>
<tr>
<td title='com.griggi.app.MainTest.dashboardUICheck2()'><b>dashboardUICheck2</b><br>Test class: com.griggi.app.MainTest<br>Test method: Check Dashboard UI - 2 (Widgets)</td>
<td></td>
<td>0</td>
<td>com.griggi.app.MainTest@37387e8c</td></tr>
<tr>
<td title='com.griggi.app.MainTest.dashboardUICheck3()'><b>dashboardUICheck3</b><br>Test class: com.griggi.app.MainTest<br>Test method: Check Dashboard UI - 3 (Header)</td>
<td></td>
<td>0</td>
<td>com.griggi.app.MainTest@37387e8c</td></tr>
<tr>
<td title='com.griggi.app.MainTest.listOfNodes()'><b>listOfNodes</b><br>Test class: com.griggi.app.MainTest<br>Test method: Verify Nav from database - List of nodes</td>
<td></td>
<td>0</td>
<td>com.griggi.app.MainTest@37387e8c</td></tr>
<tr>
<td title='com.griggi.app.MainTest.loginBad1()'><b>loginBad1</b><br>Test class: com.griggi.app.MainTest<br>Test method: Logging in. - Too long</td>
<td></td>
<td>1</td>
<td>com.griggi.app.MainTest@37387e8c</td></tr>
<tr>
<td title='com.griggi.app.MainTest.loginBad2()'><b>loginBad2</b><br>Test class: com.griggi.app.MainTest<br>Test method: Logging in. - Too short</td>
<td></td>
<td>0</td>
<td>com.griggi.app.MainTest@37387e8c</td></tr>
<tr>
<td title='com.griggi.app.MainTest.loginBad3()'><b>loginBad3</b><br>Test class: com.griggi.app.MainTest<br>Test method: Logging in. - Invalid</td>
<td></td>
<td>1</td>
<td>com.griggi.app.MainTest@37387e8c</td></tr>
<tr>
<td title='com.griggi.app.MainTest.loginGood1()'><b>loginGood1</b><br>Test class: com.griggi.app.MainTest<br>Test method: Logging in. - GOOD</td>
<td></td>
<td>2</td>
<td>com.griggi.app.MainTest@37387e8c</td></tr>
<tr>
<td title='com.griggi.app.MainTest.routerSpeed()'><b>routerSpeed</b><br>Test class: com.griggi.app.MainTest<br>Test method: Router Speed</td>
<td></td>
<td>6</td>
<td>com.griggi.app.MainTest@37387e8c</td></tr>
<tr>
<td title='com.griggi.app.MainTest.verifyLatestNodeURL()'><b>verifyLatestNodeURL</b><br>Test class: com.griggi.app.MainTest<br>Test method: Verify the url for the lastest node on dashboard</td>
<td></td>
<td>0</td>
<td>com.griggi.app.MainTest@37387e8c</td></tr>
</table><p>
</body>
</html>