<?xml version="1.0" encoding="UTF-8"?>
<!-- Generated by org.testng.reporters.JUnitXMLReporter -->
<testsuite hostname="sushi-ubuntu12" name="Test" tests="22" failures="4" timestamp="16 Jul 2016 18:23:10 GMT" time="74.444" errors="0">
  <testcase name="loginBad1" time="1.405" classname="com.griggi.app.MainTest"/>
  <testcase name="loginBad2" time="1.028" classname="com.griggi.app.MainTest"/>
  <testcase name="loginBad3" time="1.117" classname="com.griggi.app.MainTest"/>
  <testcase name="loginGood2" time="2.191" classname="com.griggi.app.MainTest">
    <failure type="org.junit.ComparisonFailure" message="expected:&amp;lt;[The password you entered is not valid.]&amp;gt; but was:&amp;lt;[]&amp;gt;">
      <![CDATA[org.junit.ComparisonFailure: expected:<[The password you entered is not valid.]> but was:<[]>
	at org.junit.Assert.assertEquals(Assert.java:115)
	at org.junit.Assert.assertEquals(Assert.java:144)
	at com.griggi.app.MainTest.loginGood2(MainTest.java:125)
... Removed 24 stack frames]]>
    </failure>
  </testcase> <!-- loginGood2 -->
  <testcase name="loginGood1" time="2.201" classname="com.griggi.app.MainTest"/>
  <testcase name="dashboardUICheck1" time="0.086" classname="com.griggi.app.MainTest"/>
  <testcase name="dashboardUICheck2" time="0.021" classname="com.griggi.app.MainTest"/>
  <testcase name="dashboardUICheck3" time="0.025" classname="com.griggi.app.MainTest"/>
  <testcase name="verifyLatestNodeURL" time="0.226" classname="com.griggi.app.MainTest"/>
  <testcase name="listOfNodes" time="0.526" classname="com.griggi.app.MainTest"/>
  <testcase name="nodeAdminDropdownArrow" time="0.025" classname="com.griggi.app.MainTest">
    <failure type="java.lang.AssertionError">
      <![CDATA[java.lang.AssertionError
	at org.junit.Assert.fail(Assert.java:86)
	at org.junit.Assert.assertTrue(Assert.java:41)
	at org.junit.Assert.assertFalse(Assert.java:64)
	at org.junit.Assert.assertFalse(Assert.java:74)
	at com.griggi.app.MainTest.nodeAdminDropdownArrow(MainTest.java:214)
... Removed 24 stack frames]]>
    </failure>
  </testcase> <!-- nodeAdminDropdownArrow -->
  <testcase name="routerSpeed" time="6.984" classname="com.griggi.app.MainTest"/>
  <testcase name="availableQuota" time="7.287" classname="com.griggi.app.MainTest"/>
  <testcase name="dataSharing" time="15.427" classname="com.griggi.app.MainTest"/>
  <testcase name="routerFUPLimit" time="7.088" classname="com.griggi.app.MainTest"/>
  <testcase name="dataRecieved" time="7.995" classname="com.griggi.app.MainTest"/>
  <testcase name="dataShared" time="1.49" classname="com.griggi.app.MainTest">
    <failure type="java.lang.AssertionError" message="expected:&amp;lt;0.0&amp;gt; but was:&amp;lt;0.93&amp;gt;">
      <![CDATA[java.lang.AssertionError: expected:<0.0> but was:<0.93>
	at org.junit.Assert.fail(Assert.java:88)
	at org.junit.Assert.failNotEquals(Assert.java:834)
	at org.junit.Assert.assertEquals(Assert.java:553)
	at org.junit.Assert.assertEquals(Assert.java:683)
	at com.griggi.app.MainTest.dataShared(MainTest.java:851)
... Removed 24 stack frames]]>
    </failure>
  </testcase> <!-- dataShared -->
  <testcase name="dataSharingReduction" time="9.573" classname="com.griggi.app.MainTest"/>
  <testcase name="dataTopUpUI1" time="4.966" classname="com.griggi.app.MainTest"/>
  <testcase name="dataTopUpUI2" time="0.025" classname="com.griggi.app.MainTest"/>
  <testcase name="dataTopUpUI3" time="0.02" classname="com.griggi.app.MainTest"/>
  <testcase name="dataTopUpInput" time="1.501" classname="com.griggi.app.MainTest">
    <failure type="java.lang.ArrayIndexOutOfBoundsException" message="2">
      <![CDATA[java.lang.ArrayIndexOutOfBoundsException: 2
	at com.griggi.app.MainTest.dataTopUpInput(MainTest.java:895)
... Removed 24 stack frames]]>
    </failure>
  </testcase> <!-- dataTopUpInput -->
</testsuite> <!-- Test -->
