<?xml version="1.0" encoding="UTF-8"?>
<!-- Generated by org.testng.reporters.JUnitXMLReporter -->
<testsuite hostname="sushi-ubuntu12" name="UITest" tests="3" failures="0" timestamp="24 Jun 2016 06:56:55 GMT" time="0.225" errors="0">
  <testcase name="dashboardUICheck1" time="0.104" classname="com.griggi.app.MainTest"/>
  <testcase name="dashboardUICheck2" time="0.045" classname="com.griggi.app.MainTest"/>
  <testcase name="dashboardUICheck3" time="0.028" classname="com.griggi.app.MainTest"/>
</testsuite> <!-- UITest -->
